<?xml version="1.0" encoding="UTF-8"?>
<!-- Generated by org.testng.reporters.JUnitReportReporter -->
<testsuite hostname="pradeep" name="com.sureifylife.GmailLogin" tests="4" failures="0" timestamp="27 Sep 2016 06:47:57 GMT" time="28.216" errors="0">
  <testcase name="getUnreadMsgs" time="6.285" classname="com.sureifylife.GmailLogin"/>
  <testcase name="checkUnreadMails" time="4.409" classname="com.sureifylife.GmailLogin"/>
  <testcase name="login" time="17.520" classname="com.sureifylife.GmailLogin"/>
  <testcase name="selectEmail" time="0.002" classname="com.sureifylife.GmailLogin"/>
</testsuite> <!-- com.sureifylife.GmailLogin -->
